<?xml version="1.0" encoding="UTF-8"?>
<!-- Generated by org.testng.reporters.JUnitReportReporter -->
<testsuite hostname="ML01W7U" name="argos.saleslogix.selenium.test.MobileSprint233Test" tests="8" failures="1" timestamp="7 Oct 2013 01:18:56 GMT" time="1100.673" errors="0">
  <testcase name="test02_MBL10115" time="99.832" classname="argos.saleslogix.selenium.test.MobileSprint233Test"/>
  <testcase name="test00_Mobile_Login" time="25.194" classname="argos.saleslogix.selenium.test.MobileSprint233Test"/>
  <testcase name="test99_Mobile_LogOut" time="24.475" classname="argos.saleslogix.selenium.test.MobileSprint233Test"/>
  <testcase name="test07_MBL10112_Accounts_Filtering" time="293.167" classname="argos.saleslogix.selenium.test.MobileSprint233Test">
    <failure type="org.openqa.selenium.NoSuchElementException" message="Unable to locate element: {&quot;method&quot;:&quot;xpath&quot;,&quot;selector&quot;:&quot;//*[@id=&#039;right_drawer&#039;]/descendant::*[text() = &#039;Total Duration&#039;]&quot;}
Command duration or timeout: 15.13 seconds
For documentation on this error, please visit: http://seleniumhq.org/exceptions/no_such_element.html
Build info: version: &#039;2.31.0&#039;, revision: &#039;1bd294d&#039;, time: &#039;2013-02-27 20:52:59&#039;
System info: os.name: &#039;Windows 7&#039;, os.arch: &#039;x86&#039;, os.version: &#039;6.1&#039;, java.version: &#039;1.7.0_40&#039;
Session ID: 72d45b73-a8c3-43b6-a93b-1fa20948149d
Driver info: org.openqa.selenium.firefox.FirefoxDriver
Capabilities [{platform=XP, acceptSslCerts=true, javascriptEnabled=true, cssSelectorsEnabled=true, databaseEnabled=true, browserName=firefox, handlesAlerts=true, nativeEvents=true, webStorageEnabled=true, rotatable=false, locationContextEnabled=true, applicationCacheEnabled=true, takesScreenshot=true, version=10.0}]">
      <![CDATA[org.openqa.selenium.NoSuchElementException: Unable to locate element: {"method":"xpath","selector":"//*[@id='right_drawer']/descendant::*[text() = 'Total Duration']"}
Command duration or timeout: 15.13 seconds
For documentation on this error, please visit: http://seleniumhq.org/exceptions/no_such_element.html
Build info: version: '2.31.0', revision: '1bd294d', time: '2013-02-27 20:52:59'
System info: os.name: 'Windows 7', os.arch: 'x86', os.version: '6.1', java.version: '1.7.0_40'
Session ID: 72d45b73-a8c3-43b6-a93b-1fa20948149d
Driver info: org.openqa.selenium.firefox.FirefoxDriver
Capabilities [{platform=XP, acceptSslCerts=true, javascriptEnabled=true, cssSelectorsEnabled=true, databaseEnabled=true, browserName=firefox, handlesAlerts=true, nativeEvents=true, webStorageEnabled=true, rotatable=false, locationContextEnabled=true, applicationCacheEnabled=true, takesScreenshot=true, version=10.0}]
	at sun.reflect.NativeConstructorAccessorImpl.newInstance0(Native Method)
	at sun.reflect.NativeConstructorAccessorImpl.newInstance(Unknown Source)
	at sun.reflect.DelegatingConstructorAccessorImpl.newInstance(Unknown Source)
	at java.lang.reflect.Constructor.newInstance(Unknown Source)
	at org.openqa.selenium.remote.ErrorHandler.createThrowable(ErrorHandler.java:187)
	at org.openqa.selenium.remote.ErrorHandler.throwIfResponseFailed(ErrorHandler.java:145)
	at org.openqa.selenium.remote.RemoteWebDriver.execute(RemoteWebDriver.java:554)
	at org.openqa.selenium.remote.RemoteWebDriver.findElement(RemoteWebDriver.java:307)
	at org.openqa.selenium.remote.RemoteWebDriver.findElementByXPath(RemoteWebDriver.java:404)
	at org.openqa.selenium.By$ByXPath.findElement(By.java:344)
	at org.openqa.selenium.remote.RemoteWebDriver.findElement(RemoteWebDriver.java:299)
	at argos.saleslogix.selenium.test.CommonNavigation.rightClickContextMenuItem(CommonNavigation.java:244)
	at argos.saleslogix.selenium.test.MobileSprint233Test.test07_MBL10112_Accounts_Filtering(MobileSprint233Test.java:1015)
	at sun.reflect.NativeMethodAccessorImpl.invoke0(Native Method)
	at sun.reflect.NativeMethodAccessorImpl.invoke(Unknown Source)
	at sun.reflect.DelegatingMethodAccessorImpl.invoke(Unknown Source)
	at java.lang.reflect.Method.invoke(Unknown Source)
	at org.testng.internal.MethodInvocationHelper.invokeMethod(MethodInvocationHelper.java:84)
	at org.testng.internal.Invoker.invokeMethod(Invoker.java:714)
	at org.testng.internal.Invoker.invokeTestMethod(Invoker.java:901)
	at org.testng.internal.Invoker.invokeTestMethods(Invoker.java:1231)
	at org.testng.internal.TestMethodWorker.invokeTestMethods(TestMethodWorker.java:127)
	at org.testng.internal.TestMethodWorker.run(TestMethodWorker.java:111)
	at java.util.concurrent.ThreadPoolExecutor.runWorker(Unknown Source)
	at java.util.concurrent.ThreadPoolExecutor$Worker.run(Unknown Source)
	at java.lang.Thread.run(Unknown Source)
Caused by: org.openqa.selenium.remote.ErrorHandler$UnknownServerException: Unable to locate element: {"method":"xpath","selector":"//*[@id='right_drawer']/descendant::*[text() = 'Total Duration']"}
Build info: version: '2.31.0', revision: '1bd294d', time: '2013-02-27 20:52:59'
System info: os.name: 'Windows 7', os.arch: 'x86', os.version: '6.1', java.version: '1.7.0_40'
Driver info: driver.version: unknown
	at <anonymous class>.<anonymous method>(file:///C:/Users/mllena/AppData/Local/Temp/anonymous5516495303834182347webdriver-profile/extensions/fxdriver@googlecode.com/components/driver_component.js:8281)
	at <anonymous class>.<anonymous method>(file:///C:/Users/mllena/AppData/Local/Temp/anonymous5516495303834182347webdriver-profile/extensions/fxdriver@googlecode.com/components/driver_component.js:382)
]]>
    </failure>
  </testcase> <!-- test07_MBL10112_Accounts_Filtering -->
  <testcase name="test04_MBL10112_NotesHistory_NoFiltering" time="147.245" classname="argos.saleslogix.selenium.test.MobileSprint233Test"/>
  <testcase name="test05_MBL10112_NotesHistory_Filtering" time="257.658" classname="argos.saleslogix.selenium.test.MobileSprint233Test"/>
  <testcase name="test03_MBL10222" time="38.317" classname="argos.saleslogix.selenium.test.MobileSprint233Test"/>
  <testcase name="test06_MBL10112_Accounts_NoFiltering" time="214.785" classname="argos.saleslogix.selenium.test.MobileSprint233Test"/>
</testsuite> <!-- argos.saleslogix.selenium.test.MobileSprint233Test -->
